0 info it worked if it ends with ok
1 verbose cli [ '/usr/local/bin/node',
1 verbose cli   '/usr/local/bin/npm',
1 verbose cli   'run',
1 verbose cli   'translate',
1 verbose cli   '--',
1 verbose cli   '--markdown=./src',
1 verbose cli   '--styleguidist=./public' ]
2 info using npm@2.14.12
3 info using node@v4.2.6
4 verbose stack Error: missing script: translate
4 verbose stack     at run (/usr/local/lib/node_modules/npm/lib/run-script.js:142:19)
4 verbose stack     at /usr/local/lib/node_modules/npm/lib/run-script.js:58:5
4 verbose stack     at /usr/local/lib/node_modules/npm/node_modules/read-package-json/read-json.js:345:5
4 verbose stack     at handleExists (/usr/local/lib/node_modules/npm/node_modules/read-package-json/read-json.js:318:20)
4 verbose stack     at FSReqWrap.cb [as oncomplete] (fs.js:212:19)
5 verbose cwd /Users/devon-church/Documents/projects/coconut-snowballs
6 error Darwin 16.7.0
7 error argv "/usr/local/bin/node" "/usr/local/bin/npm" "run" "translate" "--" "--markdown=./src" "--styleguidist=./public"
8 error node v4.2.6
9 error npm  v2.14.12
10 error missing script: translate
11 error If you need help, you may report this error at:
11 error     <https://github.com/npm/npm/issues>
12 verbose exit [ 1, true ]
